TimeQuest Timing Analyzer report for lightdecoder
Wed Nov 08 15:07:49 2017
Quartus II Version 11.0 Build 208 07/03/2011 Service Pack 1 SJ Web Edition


---------------------
; Table of Contents ;
---------------------
  1. Legal Notice
  2. TimeQuest Timing Analyzer Summary
  3. Parallel Compilation
  4. Clocks
  5. Fmax Summary
  6. Setup Summary
  7. Hold Summary
  8. Recovery Summary
  9. Removal Summary
 10. Minimum Pulse Width Summary
 11. Propagation Delay
 12. Minimum Propagation Delay
 13. Clock Transfers
 14. Report TCCS
 15. Report RSKM
 16. Unconstrained Paths
 17. TimeQuest Timing Analyzer Messages



----------------
; Legal Notice ;
----------------
Copyright (C) 1991-2011 Altera Corporation
Your use of Altera Corporation's design tools, logic functions 
and other software and tools, and its AMPP partner logic 
functions, and any output files from any of the foregoing 
(including device programming or simulation files), and any 
associated documentation or information are expressly subject 
to the terms and conditions of the Altera Program License 
Subscription Agreement, Altera MegaCore Function License 
Agreement, or other applicable license agreement, including, 
without limitation, that your use is for the sole purpose of 
programming logic devices manufactured by Altera and sold by 
Altera or its authorized distributors.  Please refer to the 
applicable agreement for further details.



+--------------------------------------------------------------------------------------+
; TimeQuest Timing Analyzer Summary                                                    ;
+--------------------+-----------------------------------------------------------------+
; Quartus II Version ; Version 11.0 Build 208 07/03/2011 Service Pack 1 SJ Web Edition ;
; Revision Name      ; lightdecoder                                                    ;
; Device Family      ; MAX II                                                          ;
; Device Name        ; EPM240T100C5                                                    ;
; Timing Models      ; Final                                                           ;
; Delay Model        ; Slow Model                                                      ;
; Rise/Fall Delays   ; Unavailable                                                     ;
+--------------------+-----------------------------------------------------------------+


Parallel compilation was disabled, but you have multiple processors available. Enable parallel compilation to reduce compilation time.
+-------------------------------------+
; Parallel Compilation                ;
+----------------------------+--------+
; Processors                 ; Number ;
+----------------------------+--------+
; Number detected on machine ; 4      ;
; Maximum allowed            ; 1      ;
+----------------------------+--------+


----------
; Clocks ;
----------
No clocks to report.


----------------
; Fmax Summary ;
----------------
No paths to report.


-----------------
; Setup Summary ;
-----------------
No paths to report.


----------------
; Hold Summary ;
----------------
No paths to report.


--------------------
; Recovery Summary ;
--------------------
No paths to report.


-------------------
; Removal Summary ;
-------------------
No paths to report.


-------------------------------
; Minimum Pulse Width Summary ;
-------------------------------
No paths to report.


+------------------------------------------------------+
; Propagation Delay                                    ;
+------------+-------------+--------+----+----+--------+
; Input Port ; Output Port ; RR     ; RF ; FR ; FF     ;
+------------+-------------+--------+----+----+--------+
; A          ; m_amber     ; 7.788  ;    ;    ; 7.788  ;
; A          ; m_green     ; 7.795  ;    ;    ; 7.795  ;
; A          ; s_amber     ; 9.370  ;    ;    ; 9.370  ;
; A          ; s_green     ; 8.880  ;    ;    ; 8.880  ;
; B          ; m_amber     ; 8.203  ;    ;    ; 8.203  ;
; B          ; m_green     ; 8.211  ;    ;    ; 8.211  ;
; B          ; m_red       ; 9.274  ;    ;    ; 9.274  ;
; B          ; s_amber     ; 9.787  ;    ;    ; 9.787  ;
; B          ; s_green     ; 9.296  ;    ;    ; 9.296  ;
; B          ; s_red       ; 8.212  ;    ;    ; 8.212  ;
; C          ; m_amber     ; 9.068  ;    ;    ; 9.068  ;
; C          ; m_green     ; 9.069  ;    ;    ; 9.069  ;
; C          ; m_red       ; 10.156 ;    ;    ; 10.156 ;
; C          ; s_amber     ; 10.669 ;    ;    ; 10.669 ;
; C          ; s_green     ; 10.157 ;    ;    ; 10.157 ;
; C          ; s_red       ; 9.069  ;    ;    ; 9.069  ;
+------------+-------------+--------+----+----+--------+


+------------------------------------------------------+
; Minimum Propagation Delay                            ;
+------------+-------------+--------+----+----+--------+
; Input Port ; Output Port ; RR     ; RF ; FR ; FF     ;
+------------+-------------+--------+----+----+--------+
; A          ; m_amber     ; 7.788  ;    ;    ; 7.788  ;
; A          ; m_green     ; 7.795  ;    ;    ; 7.795  ;
; A          ; s_amber     ; 9.370  ;    ;    ; 9.370  ;
; A          ; s_green     ; 8.880  ;    ;    ; 8.880  ;
; B          ; m_amber     ; 8.203  ;    ;    ; 8.203  ;
; B          ; m_green     ; 8.211  ;    ;    ; 8.211  ;
; B          ; m_red       ; 9.274  ;    ;    ; 9.274  ;
; B          ; s_amber     ; 9.787  ;    ;    ; 9.787  ;
; B          ; s_green     ; 9.296  ;    ;    ; 9.296  ;
; B          ; s_red       ; 8.212  ;    ;    ; 8.212  ;
; C          ; m_amber     ; 9.068  ;    ;    ; 9.068  ;
; C          ; m_green     ; 9.069  ;    ;    ; 9.069  ;
; C          ; m_red       ; 10.156 ;    ;    ; 10.156 ;
; C          ; s_amber     ; 10.669 ;    ;    ; 10.669 ;
; C          ; s_green     ; 10.157 ;    ;    ; 10.157 ;
; C          ; s_red       ; 9.069  ;    ;    ; 9.069  ;
+------------+-------------+--------+----+----+--------+


-------------------
; Clock Transfers ;
-------------------
Nothing to report.


---------------
; Report TCCS ;
---------------
No dedicated SERDES Transmitter circuitry present in device or used in design


---------------
; Report RSKM ;
---------------
No dedicated SERDES Receiver circuitry present in device or used in design


+------------------------------------------------+
; Unconstrained Paths                            ;
+---------------------------------+-------+------+
; Property                        ; Setup ; Hold ;
+---------------------------------+-------+------+
; Illegal Clocks                  ; 0     ; 0    ;
; Unconstrained Clocks            ; 0     ; 0    ;
; Unconstrained Input Ports       ; 3     ; 3    ;
; Unconstrained Input Port Paths  ; 16    ; 16   ;
; Unconstrained Output Ports      ; 6     ; 6    ;
; Unconstrained Output Port Paths ; 16    ; 16   ;
+---------------------------------+-------+------+


+------------------------------------+
; TimeQuest Timing Analyzer Messages ;
+------------------------------------+
