TimeQuest Timing Analyzer report for Modulo6
Wed Nov 08 13:28:05 2017
Quartus II Version 11.0 Build 208 07/03/2011 Service Pack 1 SJ Web Edition


---------------------
; Table of Contents ;
---------------------
  1. Legal Notice
  2. TimeQuest Timing Analyzer Summary
  3. Parallel Compilation
  4. Clocks
  5. Fmax Summary
  6. Setup Summary
  7. Hold Summary
  8. Recovery Summary
  9. Removal Summary
 10. Minimum Pulse Width Summary
 11. Setup: 'CLK'
 12. Hold: 'CLK'
 13. Minimum Pulse Width: 'CLK'
 14. Clock to Output Times
 15. Minimum Clock to Output Times
 16. Setup Transfers
 17. Hold Transfers
 18. Report TCCS
 19. Report RSKM
 20. Unconstrained Paths
 21. TimeQuest Timing Analyzer Messages



----------------
; Legal Notice ;
----------------
Copyright (C) 1991-2011 Altera Corporation
Your use of Altera Corporation's design tools, logic functions 
and other software and tools, and its AMPP partner logic 
functions, and any output files from any of the foregoing 
(including device programming or simulation files), and any 
associated documentation or information are expressly subject 
to the terms and conditions of the Altera Program License 
Subscription Agreement, Altera MegaCore Function License 
Agreement, or other applicable license agreement, including, 
without limitation, that your use is for the sole purpose of 
programming logic devices manufactured by Altera and sold by 
Altera or its authorized distributors.  Please refer to the 
applicable agreement for further details.



+--------------------------------------------------------------------------------------+
; TimeQuest Timing Analyzer Summary                                                    ;
+--------------------+-----------------------------------------------------------------+
; Quartus II Version ; Version 11.0 Build 208 07/03/2011 Service Pack 1 SJ Web Edition ;
; Revision Name      ; Modulo6                                                         ;
; Device Family      ; MAX II                                                          ;
; Device Name        ; EPM240T100C5                                                    ;
; Timing Models      ; Final                                                           ;
; Delay Model        ; Slow Model                                                      ;
; Rise/Fall Delays   ; Unavailable                                                     ;
+--------------------+-----------------------------------------------------------------+


Parallel compilation was disabled, but you have multiple processors available. Enable parallel compilation to reduce compilation time.
+-------------------------------------+
; Parallel Compilation                ;
+----------------------------+--------+
; Processors                 ; Number ;
+----------------------------+--------+
; Number detected on machine ; 4      ;
; Maximum allowed            ; 1      ;
+----------------------------+--------+


+---------------------------------------------------------------------------------------------------------------------------------------------------------------------------------+
; Clocks                                                                                                                                                                          ;
+------------+------+--------+------------+-------+-------+------------+-----------+-------------+-------+--------+-----------+------------+----------+--------+--------+---------+
; Clock Name ; Type ; Period ; Frequency  ; Rise  ; Fall  ; Duty Cycle ; Divide by ; Multiply by ; Phase ; Offset ; Edge List ; Edge Shift ; Inverted ; Master ; Source ; Targets ;
+------------+------+--------+------------+-------+-------+------------+-----------+-------------+-------+--------+-----------+------------+----------+--------+--------+---------+
; CLK        ; Base ; 1.000  ; 1000.0 MHz ; 0.000 ; 0.500 ;            ;           ;             ;       ;        ;           ;            ;          ;        ;        ; { CLK } ;
+------------+------+--------+------------+-------+-------+------------+-----------+-------------+-------+--------+-----------+------------+----------+--------+--------+---------+


+-----------------------------------------------------------------------------------------------------------+
; Fmax Summary                                                                                              ;
+------------+-----------------+------------+---------------------------------------------------------------+
; Fmax       ; Restricted Fmax ; Clock Name ; Note                                                          ;
+------------+-----------------+------------+---------------------------------------------------------------+
; 356.25 MHz ; 304.04 MHz      ; CLK        ; limit due to minimum period restriction (max I/O toggle rate) ;
+------------+-----------------+------------+---------------------------------------------------------------+
This panel reports FMAX for every clock in the design, regardless of the user-specified clock periods.  FMAX is only computed for paths where the source and destination registers or ports are driven by the same clock.  Paths of different clocks, including generated clocks, are ignored.  For paths between a clock and its inversion, FMAX is computed as if the rising and falling edges are scaled along with FMAX, such that the duty cycle (in terms of a percentage) is maintained. Altera recommends that you always use clock constraints and other slack reports for sign-off analysis.


+--------------------------------+
; Setup Summary                  ;
+-------+--------+---------------+
; Clock ; Slack  ; End Point TNS ;
+-------+--------+---------------+
; CLK   ; -1.807 ; -5.133        ;
+-------+--------+---------------+


+-------------------------------+
; Hold Summary                  ;
+-------+-------+---------------+
; Clock ; Slack ; End Point TNS ;
+-------+-------+---------------+
; CLK   ; 1.666 ; 0.000         ;
+-------+-------+---------------+


--------------------
; Recovery Summary ;
--------------------
No paths to report.


-------------------
; Removal Summary ;
-------------------
No paths to report.


+--------------------------------+
; Minimum Pulse Width Summary    ;
+-------+--------+---------------+
; Clock ; Slack  ; End Point TNS ;
+-------+--------+---------------+
; CLK   ; -2.289 ; -2.289        ;
+-------+--------+---------------+


+----------------------------------------------------------------------------------------------------+
; Setup: 'CLK'                                                                                       ;
+--------+-----------+---------+--------------+-------------+--------------+------------+------------+
; Slack  ; From Node ; To Node ; Launch Clock ; Latch Clock ; Relationship ; Clock Skew ; Data Delay ;
+--------+-----------+---------+--------------+-------------+--------------+------------+------------+
; -1.807 ; Q0PLUS    ; Q1PLUS  ; CLK          ; CLK         ; 1.000        ; 0.000      ; 2.474      ;
; -1.806 ; Q0PLUS    ; Q0PLUS  ; CLK          ; CLK         ; 1.000        ; 0.000      ; 2.473      ;
; -1.689 ; Q2PLUS    ; Q0PLUS  ; CLK          ; CLK         ; 1.000        ; 0.000      ; 2.356      ;
; -1.520 ; Q1PLUS    ; Q2PLUS  ; CLK          ; CLK         ; 1.000        ; 0.000      ; 2.187      ;
; -1.511 ; Q1PLUS    ; Q0PLUS  ; CLK          ; CLK         ; 1.000        ; 0.000      ; 2.178      ;
; -1.508 ; Q1PLUS    ; Q1PLUS  ; CLK          ; CLK         ; 1.000        ; 0.000      ; 2.175      ;
; -1.241 ; Q0PLUS    ; Q2PLUS  ; CLK          ; CLK         ; 1.000        ; 0.000      ; 1.908      ;
; -1.220 ; Q2PLUS    ; Q1PLUS  ; CLK          ; CLK         ; 1.000        ; 0.000      ; 1.887      ;
+--------+-----------+---------+--------------+-------------+--------------+------------+------------+


+---------------------------------------------------------------------------------------------------+
; Hold: 'CLK'                                                                                       ;
+-------+-----------+---------+--------------+-------------+--------------+------------+------------+
; Slack ; From Node ; To Node ; Launch Clock ; Latch Clock ; Relationship ; Clock Skew ; Data Delay ;
+-------+-----------+---------+--------------+-------------+--------------+------------+------------+
; 1.666 ; Q2PLUS    ; Q1PLUS  ; CLK          ; CLK         ; 0.000        ; 0.000      ; 1.887      ;
; 1.687 ; Q0PLUS    ; Q2PLUS  ; CLK          ; CLK         ; 0.000        ; 0.000      ; 1.908      ;
; 1.954 ; Q1PLUS    ; Q1PLUS  ; CLK          ; CLK         ; 0.000        ; 0.000      ; 2.175      ;
; 1.957 ; Q1PLUS    ; Q0PLUS  ; CLK          ; CLK         ; 0.000        ; 0.000      ; 2.178      ;
; 1.966 ; Q1PLUS    ; Q2PLUS  ; CLK          ; CLK         ; 0.000        ; 0.000      ; 2.187      ;
; 2.135 ; Q2PLUS    ; Q0PLUS  ; CLK          ; CLK         ; 0.000        ; 0.000      ; 2.356      ;
; 2.252 ; Q0PLUS    ; Q0PLUS  ; CLK          ; CLK         ; 0.000        ; 0.000      ; 2.473      ;
; 2.253 ; Q0PLUS    ; Q1PLUS  ; CLK          ; CLK         ; 0.000        ; 0.000      ; 2.474      ;
+-------+-----------+---------+--------------+-------------+--------------+------------+------------+


+----------------------------------------------------------------------------------------------+
; Minimum Pulse Width: 'CLK'                                                                   ;
+--------+--------------+----------------+------------------+-------+------------+-------------+
; Slack  ; Actual Width ; Required Width ; Type             ; Clock ; Clock Edge ; Target      ;
+--------+--------------+----------------+------------------+-------+------------+-------------+
; -2.289 ; 1.000        ; 3.289          ; Port Rate        ; CLK   ; Rise       ; CLK         ;
; 0.234  ; 0.500        ; 0.266          ; High Pulse Width ; CLK   ; Rise       ; Q0PLUS      ;
; 0.234  ; 0.500        ; 0.266          ; Low Pulse Width  ; CLK   ; Rise       ; Q0PLUS      ;
; 0.234  ; 0.500        ; 0.266          ; High Pulse Width ; CLK   ; Rise       ; Q1PLUS      ;
; 0.234  ; 0.500        ; 0.266          ; Low Pulse Width  ; CLK   ; Rise       ; Q1PLUS      ;
; 0.234  ; 0.500        ; 0.266          ; High Pulse Width ; CLK   ; Rise       ; Q2PLUS      ;
; 0.234  ; 0.500        ; 0.266          ; Low Pulse Width  ; CLK   ; Rise       ; Q2PLUS      ;
; 0.500  ; 0.500        ; 0.000          ; High Pulse Width ; CLK   ; Rise       ; CLK|combout ;
; 0.500  ; 0.500        ; 0.000          ; Low Pulse Width  ; CLK   ; Rise       ; CLK|combout ;
; 0.500  ; 0.500        ; 0.000          ; High Pulse Width ; CLK   ; Rise       ; Q0PLUS|clk  ;
; 0.500  ; 0.500        ; 0.000          ; Low Pulse Width  ; CLK   ; Rise       ; Q0PLUS|clk  ;
; 0.500  ; 0.500        ; 0.000          ; High Pulse Width ; CLK   ; Rise       ; Q1PLUS|clk  ;
; 0.500  ; 0.500        ; 0.000          ; Low Pulse Width  ; CLK   ; Rise       ; Q1PLUS|clk  ;
; 0.500  ; 0.500        ; 0.000          ; High Pulse Width ; CLK   ; Rise       ; Q2PLUS|clk  ;
; 0.500  ; 0.500        ; 0.000          ; Low Pulse Width  ; CLK   ; Rise       ; Q2PLUS|clk  ;
+--------+--------------+----------------+------------------+-------+------------+-------------+


+-------------------------------------------------------------------------+
; Clock to Output Times                                                   ;
+-----------+------------+--------+--------+------------+-----------------+
; Data Port ; Clock Port ; Rise   ; Fall   ; Clock Edge ; Clock Reference ;
+-----------+------------+--------+--------+------------+-----------------+
; CLK_M     ; CLK        ; 10.720 ; 10.720 ; Rise       ; CLK             ;
+-----------+------------+--------+--------+------------+-----------------+


+-----------------------------------------------------------------------+
; Minimum Clock to Output Times                                         ;
+-----------+------------+-------+-------+------------+-----------------+
; Data Port ; Clock Port ; Rise  ; Fall  ; Clock Edge ; Clock Reference ;
+-----------+------------+-------+-------+------------+-----------------+
; CLK_M     ; CLK        ; 9.433 ; 9.433 ; Rise       ; CLK             ;
+-----------+------------+-------+-------+------------+-----------------+


+-------------------------------------------------------------------+
; Setup Transfers                                                   ;
+------------+----------+----------+----------+----------+----------+
; From Clock ; To Clock ; RR Paths ; FR Paths ; RF Paths ; FF Paths ;
+------------+----------+----------+----------+----------+----------+
; CLK        ; CLK      ; 8        ; 0        ; 0        ; 0        ;
+------------+----------+----------+----------+----------+----------+
Entries labeled "false path" only account for clock-to-clock false paths and not path-based false paths. As a result, actual path counts may be lower than reported.


+-------------------------------------------------------------------+
; Hold Transfers                                                    ;
+------------+----------+----------+----------+----------+----------+
; From Clock ; To Clock ; RR Paths ; FR Paths ; RF Paths ; FF Paths ;
+------------+----------+----------+----------+----------+----------+
; CLK        ; CLK      ; 8        ; 0        ; 0        ; 0        ;
+------------+----------+----------+----------+----------+----------+
Entries labeled "false path" only account for clock-to-clock false paths and not path-based false paths. As a result, actual path counts may be lower than reported.


---------------
; Report TCCS ;
---------------
No dedicated SERDES Transmitter circuitry present in device or used in design


---------------
; Report RSKM ;
---------------
No dedicated SERDES Receiver circuitry present in device or used in design


+------------------------------------------------+
; Unconstrained Paths                            ;
+---------------------------------+-------+------+
; Property                        ; Setup ; Hold ;
+---------------------------------+-------+------+
; Illegal Clocks                  ; 0     ; 0    ;
; Unconstrained Clocks            ; 0     ; 0    ;
; Unconstrained Input Ports       ; 1     ; 1    ;
; Unconstrained Input Port Paths  ; 3     ; 3    ;
; Unconstrained Output Ports      ; 1     ; 1    ;
; Unconstrained Output Port Paths ; 3     ; 3    ;
+---------------------------------+-------+------+


+------------------------------------+
; TimeQuest Timing Analyzer Messages ;
+------------------------------------+
